<?xml version="1.0" encoding="UTF-8"?>
<!-- Generated by org.testng.reporters.JUnitXMLReporter -->
<testsuite ignored="0" hostname="Ruchirs-MacBook-Air.local" failures="0" tests="4" name="Default test" time="44.573" errors="0" timestamp="2023-08-14T22:41:29 EDT">
  <testcase classname="com.acti.testcases.LoginPageTest" name="testLoginPageTitle" time="0.176"/>
  <testcase classname="com.acti.testcases.LoginPageTest" name="testActiLogoDisplayed" time="0.334"/>
  <testcase classname="com.acti.testcases.LoginPageTest" name="testActiLinkDisplayed" time="0.317"/>
  <testcase classname="com.acti.testcases.LoginPageTest" name="testLoginFunction" time="8.727"/>
</testsuite> <!-- Default test -->
