<?xml version="1.0" encoding="UTF-8"?>
<testng-results ignored="0" total="4" passed="4" failed="0" skipped="0">
  <reporter-output>
  </reporter-output>
  <suite started-at="2023-08-14T22:40:44 EDT" name="Default suite" finished-at="2023-08-14T22:41:29 EDT" duration-ms="44573">
    <groups>
    </groups>
    <test started-at="2023-08-14T22:40:44 EDT" name="Default test" finished-at="2023-08-14T22:41:29 EDT" duration-ms="44573">
      <class name="com.acti.testcases.LoginPageTest">
        <test-method is-config="true" signature="PreTest()[pri:0, instance:com.acti.testcases.LoginPageTest@45099dd3]" started-at="2023-08-14T22:40:44 EDT" name="PreTest" finished-at="2023-08-14T22:40:54 EDT" duration-ms="9875" status="PASS">
          <reporter-output>
          </reporter-output>
        </test-method> <!-- PreTest -->
        <test-method signature="testLoginPageTitle()[pri:1, instance:com.acti.testcases.LoginPageTest@45099dd3]" started-at="2023-08-14T22:40:54 EDT" name="testLoginPageTitle" finished-at="2023-08-14T22:40:54 EDT" duration-ms="176" status="PASS">
          <reporter-output>
          </reporter-output>
        </test-method> <!-- testLoginPageTitle -->
        <test-method is-config="true" signature="tearDown()[pri:0, instance:com.acti.testcases.LoginPageTest@45099dd3]" started-at="2023-08-14T22:40:54 EDT" name="tearDown" finished-at="2023-08-14T22:40:54 EDT" duration-ms="126" status="PASS">
          <reporter-output>
          </reporter-output>
        </test-method> <!-- tearDown -->
        <test-method is-config="true" signature="PreTest()[pri:0, instance:com.acti.testcases.LoginPageTest@45099dd3]" started-at="2023-08-14T22:40:54 EDT" name="PreTest" finished-at="2023-08-14T22:41:03 EDT" duration-ms="8286" status="PASS">
          <reporter-output>
          </reporter-output>
        </test-method> <!-- PreTest -->
        <test-method signature="testActiLogoDisplayed()[pri:2, instance:com.acti.testcases.LoginPageTest@45099dd3]" started-at="2023-08-14T22:41:03 EDT" name="testActiLogoDisplayed" finished-at="2023-08-14T22:41:03 EDT" duration-ms="334" status="PASS">
          <reporter-output>
          </reporter-output>
        </test-method> <!-- testActiLogoDisplayed -->
        <test-method is-config="true" signature="tearDown()[pri:0, instance:com.acti.testcases.LoginPageTest@45099dd3]" started-at="2023-08-14T22:41:03 EDT" name="tearDown" finished-at="2023-08-14T22:41:03 EDT" duration-ms="145" status="PASS">
          <reporter-output>
          </reporter-output>
        </test-method> <!-- tearDown -->
        <test-method is-config="true" signature="PreTest()[pri:0, instance:com.acti.testcases.LoginPageTest@45099dd3]" started-at="2023-08-14T22:41:03 EDT" name="PreTest" finished-at="2023-08-14T22:41:11 EDT" duration-ms="8038" status="PASS">
          <reporter-output>
          </reporter-output>
        </test-method> <!-- PreTest -->
        <test-method signature="testActiLinkDisplayed()[pri:3, instance:com.acti.testcases.LoginPageTest@45099dd3]" started-at="2023-08-14T22:41:11 EDT" name="testActiLinkDisplayed" finished-at="2023-08-14T22:41:12 EDT" duration-ms="317" status="PASS">
          <reporter-output>
          </reporter-output>
        </test-method> <!-- testActiLinkDisplayed -->
        <test-method is-config="true" signature="tearDown()[pri:0, instance:com.acti.testcases.LoginPageTest@45099dd3]" started-at="2023-08-14T22:41:12 EDT" name="tearDown" finished-at="2023-08-14T22:41:12 EDT" duration-ms="142" status="PASS">
          <reporter-output>
          </reporter-output>
        </test-method> <!-- tearDown -->
        <test-method is-config="true" signature="PreTest()[pri:0, instance:com.acti.testcases.LoginPageTest@45099dd3]" started-at="2023-08-14T22:41:12 EDT" name="PreTest" finished-at="2023-08-14T22:41:20 EDT" duration-ms="8172" status="PASS">
          <reporter-output>
          </reporter-output>
        </test-method> <!-- PreTest -->
        <test-method signature="testLoginFunction()[pri:4, instance:com.acti.testcases.LoginPageTest@45099dd3]" started-at="2023-08-14T22:41:20 EDT" name="testLoginFunction" finished-at="2023-08-14T22:41:29 EDT" duration-ms="8727" status="PASS">
          <reporter-output>
          </reporter-output>
        </test-method> <!-- testLoginFunction -->
        <test-method is-config="true" signature="tearDown()[pri:0, instance:com.acti.testcases.LoginPageTest@45099dd3]" started-at="2023-08-14T22:41:29 EDT" name="tearDown" finished-at="2023-08-14T22:41:29 EDT" duration-ms="153" status="PASS">
          <reporter-output>
          </reporter-output>
        </test-method> <!-- tearDown -->
      </class> <!-- com.acti.testcases.LoginPageTest -->
    </test> <!-- Default test -->
  </suite> <!-- Default suite -->
</testng-results>
